# JRE version: OpenJDK Runtime Environment (21.0.1+12) (build 21.0.1+12-29)
# Java VM: OpenJDK 64-Bit Server VM (21.0.1+12-29, mixed mode, sharing, tiered, compressed oops, compressed class ptrs, g1 gc, windows-amd64)
GC Precious Log:
 CardTable entry size: 512
 Card Set container configuration: InlinePtr #cards 4 size 8 Array Of Cards #cards 16 size 48 Howl #buckets 8 coarsen threshold 3686 Howl Bitmap #cards 512 size 80 coarsen threshold 460 Card regions per heap region 1 cards per card region 4096
 CPUs: 8 total, 8 available
 Memory: 16194M
 Large Page Support: Disabled
 NUMA Support: Disabled
 Compressed Oops: Enabled (Zero based)
 Heap Region Size: 2M
 Heap Min Capacity: 8M
 Heap Initial Capacity: 254M
 Heap Max Capacity: 4050M
 Pre-touch: Disabled
 Parallel Workers: 8
 Concurrent Workers: 2
 Concurrent Refinement Workers: 8
 Periodic GC: Disabled
Heap:
 garbage-first heap   total 126976K, used 64720K [0x0000000702e00000, 0x0000000800000000)
  region size 2048K, 13 young (26624K), 2 survivors (4096K)
 Metaspace       used 38591K, committed 39360K, reserved 1114112K
  class space    used 4363K, committed 4736K, reserved 1048576K
GC Heap History (16 events):
Event: 0.640 GC heap before
{Heap before GC invocations=0 (full 0):
 garbage-first heap   total 260096K, used 22528K [0x0000000702e00000, 0x0000000800000000)
  region size 2048K, 11 young (22528K), 0 survivors (0K)
 Metaspace       used 5997K, committed 6144K, reserved 1114112K
  class space    used 694K, committed 768K, reserved 1048576K
}
Event: 0.643 GC heap after
{Heap after GC invocations=1 (full 0):
 garbage-first heap   total 260096K, used 3809K [0x0000000702e00000, 0x0000000800000000)
  region size 2048K, 2 young (4096K), 2 survivors (4096K)
 Metaspace       used 5997K, committed 6144K, reserved 1114112K
  class space    used 694K, committed 768K, reserved 1048576K
}
Event: 1.132 GC heap before
{Heap before GC invocations=1 (full 0):
 garbage-first heap   total 260096K, used 36577K [0x0000000702e00000, 0x0000000800000000)
  region size 2048K, 18 young (36864K), 2 survivors (4096K)
 Metaspace       used 9964K, committed 10176K, reserved 1114112K
  class space    used 1179K, committed 1280K, reserved 1048576K
}
Event: 1.136 GC heap after
{Heap after GC invocations=2 (full 0):
 garbage-first heap   total 260096K, used 5542K [0x0000000702e00000, 0x0000000800000000)
  region size 2048K, 1 young (2048K), 1 survivors (2048K)
 Metaspace       used 9964K, committed 10176K, reserved 1114112K
  class space    used 1179K, committed 1280K, reserved 1048576K
}
Event: 2.722 GC heap before
{Heap before GC invocations=2 (full 0):
 garbage-first heap   total 260096K, used 99750K [0x0000000702e00000, 0x0000000800000000)
  region size 2048K, 47 young (96256K), 1 survivors (2048K)
 Metaspace       used 21190K, committed 21504K, reserved 1114112K
  class space    used 2456K, committed 2624K, reserved 1048576K
}
Event: 2.730 GC heap after
{Heap after GC invocations=3 (full 0):
 garbage-first heap   total 260096K, used 20467K [0x0000000702e00000, 0x0000000800000000)
  region size 2048K, 7 young (14336K), 7 survivors (14336K)
 Metaspace       used 21190K, committed 21504K, reserved 1114112K
  class space    used 2456K, committed 2624K, reserved 1048576K
}
Event: 3.707 GC heap before
{Heap before GC invocations=4 (full 0):
 garbage-first heap   total 81920K, used 79859K [0x0000000702e00000, 0x0000000800000000)
  region size 2048K, 36 young (73728K), 7 survivors (14336K)
 Metaspace       used 28723K, committed 29056K, reserved 1114112K
  class space    used 3317K, committed 3456K, reserved 1048576K
}
Event: 3.719 GC heap after
{Heap after GC invocations=5 (full 0):
 garbage-first heap   total 104448K, used 27638K [0x0000000702e00000, 0x0000000800000000)
  region size 2048K, 5 young (10240K), 5 survivors (10240K)
 Metaspace       used 28723K, committed 29056K, reserved 1114112K
  class space    used 3317K, committed 3456K, reserved 1048576K
}
Event: 4.374 GC heap before
{Heap before GC invocations=5 (full 0):
 garbage-first heap   total 104448K, used 76790K [0x0000000702e00000, 0x0000000800000000)
  region size 2048K, 30 young (61440K), 5 survivors (10240K)
 Metaspace       used 31812K, committed 32384K, reserved 1114112K
  class space    used 3681K, committed 3968K, reserved 1048576K
}
Event: 4.385 GC heap after
{Heap after GC invocations=6 (full 0):
 garbage-first heap   total 104448K, used 28963K [0x0000000702e00000, 0x0000000800000000)
  region size 2048K, 2 young (4096K), 2 survivors (4096K)
 Metaspace       used 31812K, committed 32384K, reserved 1114112K
  class space    used 3681K, committed 3968K, reserved 1048576K
}
Event: 5.181 GC heap before
{Heap before GC invocations=6 (full 0):
 garbage-first heap   total 104448K, used 86307K [0x0000000702e00000, 0x0000000800000000)
  region size 2048K, 29 young (59392K), 2 survivors (4096K)
 Metaspace       used 33189K, committed 33792K, reserved 1114112K
  class space    used 3798K, committed 4096K, reserved 1048576K
}
Event: 5.194 GC heap after
{Heap after GC invocations=7 (full 0):
 garbage-first heap   total 104448K, used 41858K [0x0000000702e00000, 0x0000000800000000)
  region size 2048K, 4 young (8192K), 4 survivors (8192K)
 Metaspace       used 33189K, committed 33792K, reserved 1114112K
  class space    used 3798K, committed 4096K, reserved 1048576K
}
Event: 5.589 GC heap before
{Heap before GC invocations=7 (full 0):
 garbage-first heap   total 104448K, used 82818K [0x0000000702e00000, 0x0000000800000000)
  region size 2048K, 24 young (49152K), 4 survivors (8192K)
 Metaspace       used 34013K, committed 34624K, reserved 1114112K
  class space    used 3868K, committed 4160K, reserved 1048576K
}
Event: 5.599 GC heap after
{Heap after GC invocations=8 (full 0):
 garbage-first heap   total 104448K, used 43008K [0x0000000702e00000, 0x0000000800000000)
  region size 2048K, 1 young (2048K), 1 survivors (2048K)
 Metaspace       used 34013K, committed 34624K, reserved 1114112K
  class space    used 3868K, committed 4160K, reserved 1048576K
}
Event: 5.837 GC heap before
{Heap before GC invocations=8 (full 0):
 garbage-first heap   total 104448K, used 59392K [0x0000000702e00000, 0x0000000800000000)
  region size 2048K, 11 young (22528K), 1 survivors (2048K)
 Metaspace       used 35540K, committed 36096K, reserved 1114112K
  class space    used 3992K, committed 4288K, reserved 1048576K
}
Event: 5.841 GC heap after
{Heap after GC invocations=9 (full 0):
 garbage-first heap   total 126976K, used 44240K [0x0000000702e00000, 0x0000000800000000)
  region size 2048K, 2 young (4096K), 2 survivors (4096K)
 Metaspace       used 35540K, committed 36096K, reserved 1114112K
  class space    used 3992K, committed 4288K, reserved 1048576K
}

