# JRE version: OpenJDK Runtime Environment (24.0.1+9) (build 24.0.1+9-30)
# Java VM: OpenJDK 64-Bit Server VM (24.0.1+9-30, mixed mode, sharing, tiered, compressed oops, compressed class ptrs, g1 gc, windows-amd64)
GC Precious Log:
 CardTable entry size: 512
 Card Set container configuration: InlinePtr #cards 4 size 8 Array Of Cards #cards 16 size 48 Howl #buckets 8 coarsen threshold 3686 Howl Bitmap #cards 512 size 80 coarsen threshold 460 Card regions per heap region 1 cards per card region 4096
 CPUs: 8 total, 8 available
 Memory: 16194M
 Large Page Support: Disabled
 NUMA Support: Disabled
 Compressed Oops: Enabled (Zero based)
 Heap Region Size: 2M
 Heap Min Capacity: 8M
 Heap Initial Capacity: 254M
 Heap Max Capacity: 4050M
 Pre-touch: Disabled
 Parallel Workers: 8
 Concurrent Workers: 2
 Concurrent Refinement Workers: 8
 Periodic GC: Disabled
Heap:
 garbage-first heap   total reserved 4147200K, committed 120832K, used 62348K [0x0000000702e00000, 0x0000000800000000)
  region size 2048K, 12 young (24576K), 2 survivors (4096K)
 Metaspace       used 37377K, committed 38080K, reserved 1114112K
  class space    used 3656K, committed 3968K, reserved 1048576K
GC Heap History (16 events):
Event: 1.020 GC heap before
{Heap before GC invocations=0 (full 0):
 garbage-first heap   total reserved 4147200K, committed 262144K, used 50288K [0x0000000702e00000, 0x0000000800000000)
  region size 2048K, 24 young (49152K), 0 survivors (0K)
 Metaspace       used 9360K, committed 9536K, reserved 1114112K
  class space    used 834K, committed 896K, reserved 1048576K
}
Event: 1.024 GC heap after
{Heap after GC invocations=1 (full 0):
 garbage-first heap   total reserved 4147200K, committed 262144K, used 5488K [0x0000000702e00000, 0x0000000800000000)
  region size 2048K, 3 young (6144K), 3 survivors (6144K)
 Metaspace       used 9360K, committed 9536K, reserved 1114112K
  class space    used 834K, committed 896K, reserved 1048576K
}
Event: 2.772 GC heap before
{Heap before GC invocations=1 (full 0):
 garbage-first heap   total reserved 4147200K, committed 262144K, used 105840K [0x0000000702e00000, 0x0000000800000000)
  region size 2048K, 51 young (104448K), 3 survivors (6144K)
 Metaspace       used 21217K, committed 21504K, reserved 1114112K
  class space    used 2093K, committed 2240K, reserved 1048576K
}
Event: 2.785 GC heap after
{Heap after GC invocations=2 (full 0):
 garbage-first heap   total reserved 4147200K, committed 262144K, used 21024K [0x0000000702e00000, 0x0000000800000000)
  region size 2048K, 8 young (16384K), 8 survivors (16384K)
 Metaspace       used 21217K, committed 21504K, reserved 1114112K
  class space    used 2093K, committed 2240K, reserved 1048576K
}
Event: 3.843 GC heap before
{Heap before GC invocations=3 (full 0):
 garbage-first heap   total reserved 4147200K, committed 75776K, used 74272K [0x0000000702e00000, 0x0000000800000000)
  region size 2048K, 34 young (69632K), 8 survivors (16384K)
 Metaspace       used 28623K, committed 29120K, reserved 1114112K
  class space    used 2839K, committed 3072K, reserved 1048576K
}
Event: 3.859 GC heap after
{Heap after GC invocations=4 (full 0):
 garbage-first heap   total reserved 4147200K, committed 100352K, used 26107K [0x0000000702e00000, 0x0000000800000000)
  region size 2048K, 4 young (8192K), 4 survivors (8192K)
 Metaspace       used 28623K, committed 29120K, reserved 1114112K
  class space    used 2839K, committed 3072K, reserved 1048576K
}
Event: 4.262 GC heap before
{Heap before GC invocations=4 (full 0):
 garbage-first heap   total reserved 4147200K, committed 100352K, used 69115K [0x0000000702e00000, 0x0000000800000000)
  region size 2048K, 25 young (51200K), 4 survivors (8192K)
 Metaspace       used 29706K, committed 30272K, reserved 1114112K
  class space    used 2954K, committed 3200K, reserved 1048576K
}
Event: 4.272 GC heap after
{Heap after GC invocations=5 (full 0):
 garbage-first heap   total reserved 4147200K, committed 100352K, used 27920K [0x0000000702e00000, 0x0000000800000000)
  region size 2048K, 1 young (2048K), 1 survivors (2048K)
 Metaspace       used 29706K, committed 30272K, reserved 1114112K
  class space    used 2954K, committed 3200K, reserved 1048576K
}
Event: 5.084 GC heap before
{Heap before GC invocations=5 (full 0):
 garbage-first heap   total reserved 4147200K, committed 100352K, used 75024K [0x0000000702e00000, 0x0000000800000000)
  region size 2048K, 23 young (47104K), 1 survivors (2048K)
 Metaspace       used 31689K, committed 32192K, reserved 1114112K
  class space    used 3170K, committed 3392K, reserved 1048576K
}
Event: 5.099 GC heap after
{Heap after GC invocations=6 (full 0):
 garbage-first heap   total reserved 4147200K, committed 100352K, used 39677K [0x0000000702e00000, 0x0000000800000000)
  region size 2048K, 3 young (6144K), 3 survivors (6144K)
 Metaspace       used 31689K, committed 32192K, reserved 1114112K
  class space    used 3170K, committed 3392K, reserved 1048576K
}
Event: 5.708 GC heap before
{Heap before GC invocations=6 (full 0):
 garbage-first heap   total reserved 4147200K, committed 100352K, used 74493K [0x0000000702e00000, 0x0000000800000000)
  region size 2048K, 21 young (43008K), 3 survivors (6144K)
 Metaspace       used 33007K, committed 33600K, reserved 1114112K
  class space    used 3293K, committed 3584K, reserved 1048576K
}
Event: 5.719 GC heap after
{Heap after GC invocations=7 (full 0):
 garbage-first heap   total reserved 4147200K, committed 100352K, used 41461K [0x0000000702e00000, 0x0000000800000000)
  region size 2048K, 1 young (2048K), 1 survivors (2048K)
 Metaspace       used 33007K, committed 33600K, reserved 1114112K
  class space    used 3293K, committed 3584K, reserved 1048576K
}
Event: 6.103 GC heap before
{Heap before GC invocations=7 (full 0):
 garbage-first heap   total reserved 4147200K, committed 100352K, used 80373K [0x0000000702e00000, 0x0000000800000000)
  region size 2048K, 20 young (40960K), 1 survivors (2048K)
 Metaspace       used 34368K, committed 35008K, reserved 1114112K
  class space    used 3379K, committed 3648K, reserved 1048576K
}
Event: 6.108 GC heap after
{Heap after GC invocations=8 (full 0):
 garbage-first heap   total reserved 4147200K, committed 120832K, used 42740K [0x0000000702e00000, 0x0000000800000000)
  region size 2048K, 2 young (4096K), 2 survivors (4096K)
 Metaspace       used 34368K, committed 35008K, reserved 1114112K
  class space    used 3379K, committed 3648K, reserved 1048576K
}
Event: 6.223 GC heap before
{Heap before GC invocations=8 (full 0):
 garbage-first heap   total reserved 4147200K, committed 120832K, used 48884K [0x0000000702e00000, 0x0000000800000000)
  region size 2048K, 6 young (12288K), 2 survivors (4096K)
 Metaspace       used 35564K, committed 36160K, reserved 1114112K
  class space    used 3478K, committed 3776K, reserved 1048576K
}
Event: 6.229 GC heap after
{Heap after GC invocations=9 (full 0):
 garbage-first heap   total reserved 4147200K, committed 120832K, used 43916K [0x0000000702e00000, 0x0000000800000000)
  region size 2048K, 2 young (4096K), 2 survivors (4096K)
 Metaspace       used 35564K, committed 36160K, reserved 1114112K
  class space    used 3478K, committed 3776K, reserved 1048576K
}

